*** Using Compiler 'V5.06 update 7 (build 960)', folder: 'E:\Keil5\ARM\ARMCC\Bin'
Rebuild target '2024RC_R2'
assembling startup_stm32f407xx.s...
compiling stm32f4xx_hal_msp.c...
compiling i2c.c...
compiling stm32f4xx_hal_flash.c...
compiling main.c...
compiling can.c...
compiling dma.c...
compiling tim.c...
compiling stm32f4xx_hal_timebase_tim.c...
compiling gpio.c...
compiling stm32f4xx_it.c...
compiling stm32f4xx_hal_rcc_ex.c...
compiling stm32f4xx_hal_flash_ex.c...
compiling usart.c...
compiling freertos.c...
compiling stm32f4xx_hal_rcc.c...
compiling stm32f4xx_hal_can.c...
compiling croutine.c...
compiling event_groups.c...
compiling list.c...
compiling queue.c...
compiling stream_buffer.c...
compiling tasks.c...
compiling timers.c...
compiling stm32f4xx_hal_gpio.c...
compiling stm32f4xx_hal_cortex.c...
compiling stm32f4xx_hal_flash_ramfunc.c...
compiling stm32f4xx_hal_i2c_ex.c...
compiling stm32f4xx_hal_dma.c...
compiling heap_4.c...
compiling stm32f4xx_hal.c...
compiling stm32f4xx_hal_dma_ex.c...
compiling stm32f4xx_hal_pwr_ex.c...
compiling port.c...
compiling system_stm32f4xx.c...
compiling stm32f4xx_hal_pwr.c...
compiling stm32f4xx_hal_exti.c...
compiling stm32f4xx_hal_tim_ex.c...
compiling stm32f4xx_hal_uart.c...
compiling stm32f4xx_hal_i2c.c...
compiling stm32f4xx_hal_tim.c...
compiling cmsis_os2.c...
compiling communication.c...
compiling chassis.c...
compiling haoying_u8.c...
compiling tcs34725.c...
..\USER\tcs34725.c(160): warning:  #177-D: variable "number"  was declared but never referenced
  	uint16_t number=0;
..\USER\tcs34725.c(161): warning:  #177-D: variable "status"  was declared but never referenced
  	uint8_t status = TCS34725_STATUS_AVALID;
..\USER\tcs34725.c(260): warning:  #177-D: variable "minVal"  was declared but never referenced
  	double maxVal,minVal,difVal;
..\USER\tcs34725.c(260): warning:  #177-D: variable "difVal"  was declared but never referenced
  	double maxVal,minVal,difVal;
..\USER\tcs34725.c: 4 warnings, 0 errors
compiling action.c...
compiling config.c...
compiling rm_motor.c...
compiling user_can_init.c...
compiling motor_drive.c...
..\USER\motor_drive.c(249): warning:  #550-D: variable "Sign_Vel"  was set but never used
  	float Sign_Vel = 1.0f;
..\USER\motor_drive.c: 1 warning, 0 errors
compiling body_controllers.c...
..\USER\body_controllers.c(103): warning:  #550-D: variable "homeing_flag"  was set but never used
      static  int8_t homeing_flag=0,cnt=0;
..\USER\body_controllers.c(249): warning:  #111-D: statement is unreachable
                      break;
..\USER\body_controllers.c(255): warning:  #111-D: statement is unreachable
                      break;    
..\USER\body_controllers.c(263): warning:  #111-D: statement is unreachable
                      break;                     
..\USER\body_controllers.c(268): warning:  #1-D: last line of file ends without a newline
  }
..\USER\body_controllers.c: 5 warnings, 0 errors
compiling vesc_can.c...
..\USER\vesc_can.c(306): warning:  #1035-D: single-precision operand implicitly converted to double-precision
  			status_msg_2.amp_hours = (float)buffer_get_int32(RxData, &index) / 1e4;
..\USER\vesc_can.c(307): warning:  #1035-D: single-precision operand implicitly converted to double-precision
  			status_msg_2.amp_hours_charged =  (float)buffer_get_int32(RxData, &index) / 1e4;
..\USER\vesc_can.c(316): warning:  #1035-D: single-precision operand implicitly converted to double-precision
  			status_msg_3.watt_hours = (float)buffer_get_int32(RxData, &index) / 1e4;
..\USER\vesc_can.c(317): warning:  #1035-D: single-precision operand implicitly converted to double-precision
  			status_msg_3.watt_hours_charged = (float)buffer_get_int32(RxData, &index) / 1e4;
..\USER\vesc_can.c(339): warning:  #1035-D: single-precision operand implicitly converted to double-precision
  			status_msg_5.v_in =  (float)buffer_get_int16(RxData, &index) / 1e1;
..\USER\vesc_can.c(276): warning:  #550-D: variable "status_msg_2"  was set but never used
      can_status_msg_2 status_msg_2;
..\USER\vesc_can.c(277): warning:  #550-D: variable "status_msg_3"  was set but never used
      can_status_msg_3 status_msg_3;
..\USER\vesc_can.c(279): warning:  #550-D: variable "status_msg_5"  was set but never used
      can_status_msg_5 status_msg_5;
..\USER\vesc_can.c: 8 warnings, 0 errors
compiling move.c...
compiling pid.c...
compiling air_joy.c...
compiling FSM.c...
compiling path.c...
linking...
Program Size: Code=32276 RO-data=1116 RW-data=300 ZI-data=23740  
FromELF: creating hex file...
"2024RC_R2\2024RC_R2.axf" - 0 Error(s), 18 Warning(s).
Build Time Elapsed:  00:00:33
